\BOOKMARK [1][-]{section.1}{\376\377\000I\000n\000t\000r\000o\000d\000u\000c\000t\000i\000o\000n}{}% 1
\BOOKMARK [1][-]{section.2}{\376\377\000C\000o\000n\000c\000e\000p\000t\000s\000,\000\040\000s\000i\000g\000n\000s\000\040\000a\000n\000d\000\040\000d\000e\000f\000i\000n\000i\000t\000i\000o\000n\000s}{}% 2
\BOOKMARK [1][-]{section.3}{\376\377\000E\000s\000p\000a\000c\000i\000o\000\040\000S\000e\000m\000\341\000n\000t\000i\000c\000o\000\040\000B\000a\000s\000a\000d\000o\000\040\000e\000n\000\040\000P\000r\000i\000m\000i\000t\000i\000v\000o\000s}{}% 3
\BOOKMARK [2][-]{subsection.3.1}{\376\377\000D\000e\000f\000i\000n\000i\000c\000i\000o\000n\000e\000s\000\040\000F\000u\000n\000d\000a\000m\000e\000n\000t\000a\000l\000e\000s}{section.3}% 4
\BOOKMARK [2][-]{subsection.3.2}{\376\377\000M\000a\000t\000r\000i\000z\000\040\000d\000e\000\040\000C\000o\000o\000r\000d\000e\000n\000a\000d\000a\000s\000\040\000S\000e\000m\000\341\000n\000t\000i\000c\000a\000s}{section.3}% 5
\BOOKMARK [2][-]{subsection.3.3}{\376\377\000M\000\351\000t\000r\000i\000c\000a\000s\000\040\000S\000e\000m\000\341\000n\000t\000i\000c\000a\000s}{section.3}% 6
\BOOKMARK [2][-]{subsection.3.4}{\376\377\000O\000p\000e\000r\000a\000c\000i\000o\000n\000e\000s\000\040\000s\000o\000b\000r\000e\000\040\000e\000l\000\040\000E\000s\000p\000a\000c\000i\000o}{section.3}% 7
\BOOKMARK [2][-]{subsection.3.5}{\376\377\000F\000i\000r\000m\000a\000\040\000B\000A\000N\000\040\000y\000\040\000E\000s\000p\000a\000c\000i\000o\000\040\000S\000e\000m\000\341\000n\000t\000i\000c\000o}{section.3}% 8
\BOOKMARK [2][-]{subsection.3.6}{\376\377\000D\000e\000s\000a\000m\000b\000i\000g\000u\000a\000c\000i\000\363\000n\000\040\000p\000o\000r\000\040\000F\000u\000s\000i\000\363\000n\000\040\000d\000e\000\040\000H\000a\000d\000a\000m\000a\000r\000d}{section.3}% 9
\BOOKMARK [2][-]{subsection.3.7}{\376\377\000P\000r\000o\000y\000e\000c\000c\000i\000\363\000n\000\040\000a\000l\000\040\000E\000s\000p\000a\000c\000i\000o\000\040\000T\000r\000i\000d\000i\000m\000e\000n\000s\000i\000o\000n\000a\000l}{section.3}% 10
\BOOKMARK [2][-]{subsection.3.8}{\376\377\000P\000r\000o\000p\000i\000e\000d\000a\000d\000e\000s\000\040\000d\000e\000l\000\040\000S\000i\000s\000t\000e\000m\000a}{section.3}% 11
\BOOKMARK [2][-]{subsection.3.9}{\376\377\000R\000e\000s\000u\000m\000e\000n\000\040\000d\000e\000\040\000C\000o\000m\000p\000l\000e\000j\000i\000d\000a\000d\000e\000s}{section.3}% 12
\BOOKMARK [1][-]{section.4}{\376\377\000T\000o\000p\000o\000l\000o\000g\000i\000c\000a\000l\000\040\000a\000r\000c\000h\000i\000t\000e\000c\000t\000u\000r\000e}{}% 13
\BOOKMARK [2][-]{subsection.4.1}{\376\377\000L\000a\000\040\000C\000o\000n\000c\000e\000p\000t\000M\000a\000t\000r\000i\000x\000\040\000c\000o\000m\000o\000\040\000I\000n\000f\000r\000a\000e\000s\000t\000r\000u\000c\000t\000u\000r\000a\000\040\000\050\000Z\0003\000\051}{section.4}% 14
\BOOKMARK [2][-]{subsection.4.2}{\376\377\000E\000l\000\040\000C\000o\000n\000c\000e\000p\000t\000N\000o\000d\000e\000\040\000c\000o\000m\000o\000\040\000I\000n\000t\000e\000l\000i\000g\000e\000n\000c\000i\000a\000\040\000\050\000R\0001\0000\0000\0000\000\051}{section.4}% 15
\BOOKMARK [2][-]{subsection.4.3}{\376\377\000P\000r\000o\000t\000o\000c\000o\000l\000o\000\040\000d\000e\000\040\000I\000n\000t\000e\000r\000c\000o\000n\000e\000x\000i\000\363\000n\000\040\000\050\000E\000l\000\040\000P\000u\000e\000n\000t\000e\000\040\000V\000e\000c\000t\000o\000r\000i\000a\000l\000\051}{section.4}% 16
\BOOKMARK [2][-]{subsection.4.4}{\376\377\000E\000l\000\040\000M\000o\000t\000o\000r\000\040\000d\000e\000\040\000D\000i\000r\000e\000c\000c\000i\000o\000n\000a\000m\000i\000e\000n\000t\000o\000\040\000D\000e\000t\000e\000r\000m\000i\000n\000i\000s\000t\000a\000\040\000\050\000\051}{section.4}% 17
\BOOKMARK [2][-]{subsection.4.5}{\376\377\000T\000o\000p\000o\000l\000o\000g\000\355\000a\000\040\000d\000e\000\040\000R\000e\000d\000\040\000D\000i\000s\000p\000e\000r\000s\000a\000\040\000\050\000S\000p\000a\000r\000s\000e\000\040\000T\000o\000p\000o\000l\000o\000g\000y\000\051}{section.4}% 18
\BOOKMARK [2][-]{subsection.4.6}{\376\377\000E\000l\000\040\000M\000e\000c\000a\000n\000i\000s\000m\000o\000\040\000d\000e\000\040\000F\000r\000i\000c\000c\000i\000\363\000n\000\040\000S\000e\000m\000\341\000n\000t\000i\000c\000a\000\040\000\050\000\051}{section.4}% 19
\BOOKMARK [2][-]{subsection.4.7}{\376\377\000C\000a\000p\000a\000\040\000d\000e\000\040\000P\000e\000r\000s\000i\000s\000t\000e\000n\000c\000i\000a\000\040\000y\000\040\000L\000a\000z\000y\000\040\000L\000o\000a\000d\000i\000n\000g}{section.4}% 20
\BOOKMARK [1][-]{section.5}{\376\377\000A\000n\000a\000t\000o\000m\000y\000\040\000o\000f\000\040\000t\000h\000e\000\040\000C\000o\000n\000c\000e\000p\000t\000N\000o\000d\000e\000\050\000C\000N\000\051}{}% 21
\BOOKMARK [2][-]{subsection.5.1}{\376\377\000I\000d\000e\000n\000t\000i\000t\000y\000\040\000a\000n\000d\000\040\000I\000m\000m\000u\000t\000a\000b\000i\000l\000i\000t\000y}{section.5}% 22
\BOOKMARK [2][-]{subsection.5.2}{\376\377\000M\000i\000c\000r\000o\000-\000r\000e\000d\000\040\000N\000e\000u\000r\000o\000n\000a\000l\000\040\000L\000o\000c\000a\000l\000\040}{section.5}% 23
\BOOKMARK [2][-]{subsection.5.3}{\376\377\000M\000a\000p\000a\000\040\000d\000e\000\040\000A\000d\000y\000a\000c\000e\000n\000c\000i\000a\000\040\000y\000\040\000P\000u\000n\000t\000e\000r\000o\000s\000\040\000\050\000s\000e\000l\000f\000.\000p\000o\000i\000n\000t\000e\000r\000s\000\051}{section.5}% 24
\BOOKMARK [2][-]{subsection.5.4}{\376\377\000E\000s\000t\000a\000d\000o\000\040\000d\000e\000\040\000E\000v\000o\000l\000u\000c\000i\000\363\000n\000\040\000y\000\040\000M\000a\000d\000u\000r\000e\000z\000\040\000\050\000\051}{section.5}% 25
\BOOKMARK [2][-]{subsection.5.5}{\376\377\000F\000u\000n\000c\000i\000\363\000n\000\040\000d\000e\000\040\000A\000c\000t\000i\000v\000a\000c\000i\000\363\000n}{section.5}% 26
\BOOKMARK [1][-]{section.6}{\376\377\000D\000i\000n\000\341\000m\000i\000c\000a\000\040\000F\000u\000n\000c\000i\000o\000n\000a\000l\000\040\000d\000e\000l\000\040\000C\000o\000n\000c\000e\000p\000t\000N\000o\000d\000e}{}% 27
\BOOKMARK [2][-]{subsection.6.1}{\376\377\000E\000s\000t\000r\000u\000c\000t\000u\000r\000a\000\040\000S\000L\000F\000N\000\040\000y\000\040\000P\000r\000o\000c\000e\000s\000a\000m\000i\000e\000n\000t\000o\000\040\000A\000t\000\363\000m\000i\000c\000o}{section.6}% 28
\BOOKMARK [2][-]{subsection.6.2}{\376\377\0001\000.\000\040\000D\000e\000n\000s\000i\000d\000a\000d\000\040\000P\000a\000r\000a\000m\000\351\000t\000r\000i\000c\000a\000\040\000y\000\040\000E\000n\000t\000r\000o\000p\000\355\000a}{section.6}% 29
\BOOKMARK [2][-]{subsection.6.3}{\376\377\0002\000.\000\040\000C\000o\000m\000p\000a\000r\000a\000t\000i\000v\000a\000\040\000d\000e\000\040\000E\000f\000i\000c\000i\000e\000n\000c\000i\000a\000\040\000S\000i\000s\000t\000\351\000m\000i\000c\000a}{section.6}% 30
\BOOKMARK [2][-]{subsection.6.4}{\376\377\0003\000.\000\040\000R\000e\000n\000d\000i\000m\000i\000e\000n\000t\000o\000\040\000e\000n\000\040\000H\000a\000r\000d\000w\000a\000r\000e\000\040\000d\000e\000\040\000C\000o\000n\000s\000u\000m\000o}{section.6}% 31
\BOOKMARK [2][-]{subsection.6.5}{\376\377\0004\000.\000\040\000A\000n\000\341\000l\000i\000s\000i\000s\000\040\000C\000o\000m\000p\000a\000r\000a\000t\000i\000v\000o\000\040\000d\000e\000\040\000V\000e\000l\000o\000c\000i\000d\000a\000d\000:\000\040\000S\000P\000E\000K\000T\000R\000A\000\040\000v\000s\000.\000\040\000T\000r\000a\000n\000s\000f\000o\000r\000m\000e\000r\000s}{section.6}% 32
\BOOKMARK [2][-]{subsection.6.6}{\376\377\0005\000.\000\040\000E\000l\000\040\000P\000a\000r\000a\000d\000i\000g\000m\000a\000\040\000d\000e\000l\000\040\000`\000`\000P\000e\000n\000s\000a\000m\000i\000e\000n\000t\000o\000\040\000I\000n\000s\000t\000a\000n\000t\000\341\000n\000e\000o\000'\000'}{section.6}% 33
\BOOKMARK [2][-]{subsection.6.7}{\376\377\0004\000.\000\040\000C\000o\000n\000c\000l\000u\000s\000i\000\363\000n\000\040\000T\000\351\000c\000n\000i\000c\000a}{section.6}% 34
\BOOKMARK [1][-]{section.7}{\376\377\000P\000r\000o\000t\000o\000c\000o\000l\000o\000\040\000d\000e\000\040\000T\000r\000a\000n\000s\000m\000i\000s\000i\000\363\000n\000\040\000y\000\040\000V\000a\000l\000i\000d\000a\000c\000i\000\363\000n}{}% 35
\BOOKMARK [1][-]{section.8}{\376\377\000D\000i\000n\000\341\000m\000i\000c\000a\000\040\000d\000e\000\040\000P\000r\000o\000p\000a\000g\000a\000c\000i\000\363\000n\000\040\000y\000\040\000E\000n\000t\000r\000o\000p\000\355\000a\000\040\000d\000e\000\040\000S\000e\000\361\000a\000l}{}% 36
\BOOKMARK [2][-]{subsection.8.1}{\376\377\000E\000c\000u\000a\000c\000i\000\363\000n\000\040\000d\000e\000\040\000A\000t\000e\000n\000u\000a\000c\000i\000\363\000n\000\040\000P\000r\000o\000g\000r\000e\000s\000i\000v\000a}{section.8}% 37
\BOOKMARK [1][-]{section.9}{\376\377\000E\000s\000t\000r\000u\000c\000t\000u\000r\000a\000\040\000E\000s\000p\000a\000c\000i\000a\000l}{}% 38
\BOOKMARK [1][-]{section.10}{\376\377\000E\000l\000\040\000N\000o\000d\000o\000\040\000C\000o\000n\000c\000e\000p\000t\000u\000a\000l\000\040\000c\000o\000m\000o\000\040\000R\000e\000d\000\040\000N\000e\000u\000r\000o\000n\000a\000l}{}% 39
\BOOKMARK [1][-]{section.11}{\376\377\000M\000a\000p\000e\000o\000\040\000D\000e\000t\000e\000r\000m\000i\000n\000i\000s\000t\000a\000\040\000d\000e\000\040\000I\000d\000e\000n\000t\000i\000d\000a\000d\000\040\000E\000s\000p\000a\000c\000i\000a\000l}{}% 40
\BOOKMARK [2][-]{subsection.11.1}{\376\377\000P\000r\000o\000p\000i\000e\000d\000a\000d\000e\000s\000\040\000d\000e\000\040\000l\000a\000\040\000P\000r\000o\000y\000e\000c\000c\000i\000\363\000n}{section.11}% 41
\BOOKMARK [1][-]{section.12}{\376\377\000P\000r\000o\000c\000e\000s\000o\000\040\000d\000e\000\040\000E\000n\000t\000r\000e\000n\000a\000m\000i\000e\000n\000t\000o}{}% 42
\BOOKMARK [2][-]{subsection.12.1}{\376\377\000F\000u\000n\000c\000i\000\363\000n\000\040\000d\000e\000\040\000P\000\351\000r\000d\000i\000d\000a\000\040\000\050\000L\000o\000s\000s\000\040\000F\000u\000n\000c\000t\000i\000o\000n\000\051}{section.12}% 43
\BOOKMARK [1][-]{section.13}{\376\377\000D\000u\000a\000l\000i\000d\000a\000d\000\040\000E\000s\000t\000r\000u\000c\000t\000u\000r\000a\000l\000:\000\040\000G\000e\000o\000m\000e\000t\000r\000\355\000a\000\040\000I\000n\000m\000u\000t\000a\000b\000l\000e\000\040\000v\000s\000.\000\040\000E\000s\000t\000a\000d\000o\000\040\000E\000v\000o\000l\000u\000t\000i\000v\000o}{}% 44
\BOOKMARK [2][-]{subsection.13.1}{\376\377\000E\000l\000\040\000P\000r\000i\000n\000c\000i\000p\000i\000o\000\040\000d\000e\000\040\000l\000a\000\040\000S\000e\000d\000e\000\040\000I\000n\000m\000u\000t\000a\000b\000l\000e}{section.13}% 45
\BOOKMARK [2][-]{subsection.13.2}{\376\377\000P\000l\000a\000s\000t\000i\000c\000i\000d\000a\000d\000\040\000d\000e\000l\000\040\000N\000o\000d\000o}{section.13}% 46
\BOOKMARK [1][-]{section.14}{\376\377\000P\000r\000o\000t\000o\000c\000o\000l\000o\000s\000\040\000d\000e\000\040\000C\000o\000m\000u\000n\000i\000c\000a\000c\000i\000\363\000n\000\040\000y\000\040\000D\000i\000n\000\341\000m\000i\000c\000a\000\040\000d\000e\000\040\000S\000e\000\361\000a\000l\000e\000s}{}% 47
\BOOKMARK [2][-]{subsection.14.1}{\376\377\000E\000l\000\040\000M\000e\000c\000a\000n\000i\000s\000m\000o\000\040\000d\000e\000\040\000D\000i\000s\000p\000a\000r\000o\000\040\000y\000\040\000S\000a\000l\000t\000o\000\040\000\050\000O\000\050\0001\000\051\000\051}{section.14}% 48
\BOOKMARK [2][-]{subsection.14.2}{\376\377\000P\000r\000o\000t\000o\000c\000o\000l\000o\000\040\000d\000e\000\040\000M\000e\000n\000s\000a\000j\000e\000r\000\355\000a\000\040\000V\000e\000c\000t\000o\000r\000i\000a\000l}{section.14}% 49
\BOOKMARK [2][-]{subsection.14.3}{\376\377\000I\000n\000t\000e\000r\000f\000e\000r\000e\000n\000c\000i\000a\000\040\000y\000\040\000R\000e\000s\000o\000n\000a\000n\000c\000i\000a}{section.14}% 50
\BOOKMARK [1][-]{section.15}{\376\377\000C\000o\000n\000c\000l\000u\000s\000i\000\363\000n}{}% 51
\BOOKMARK [1][-]{section.16}{\376\377\000A\000r\000q\000u\000i\000t\000e\000c\000t\000u\000r\000a\000\040\000I\000n\000t\000e\000r\000n\000a\000\040\000d\000e\000l\000\040\000N\000o\000d\000o\000:\000\040\000M\000i\000c\000r\000o\000-\000C\000a\000p\000a\000s\000\040\000d\000e\000\040\000P\000r\000o\000c\000e\000s\000a\000m\000i\000e\000n\000t\000o}{}% 52
\BOOKMARK [2][-]{subsection.16.1}{\376\377\000P\000r\000o\000c\000e\000s\000a\000m\000i\000e\000n\000t\000o\000\040\000d\000e\000\040\000C\000o\000n\000t\000e\000x\000t\000o\000\040\000L\000o\000c\000a\000l}{section.16}% 53
\BOOKMARK [2][-]{subsection.16.2}{\376\377\000S\000e\000l\000e\000c\000c\000i\000\363\000n\000\040\000d\000e\000\040\000D\000e\000f\000i\000n\000i\000c\000i\000\363\000n\000\040\000\050\000A\000t\000t\000e\000n\000t\000i\000o\000n\000\040\000M\000e\000c\000h\000a\000n\000i\000s\000m\000\051}{section.16}% 54
\BOOKMARK [2][-]{subsection.16.3}{\376\377\000A\000p\000r\000e\000n\000d\000i\000z\000a\000j\000e\000\040\000d\000e\000\040\000M\000i\000c\000r\000o\000-\000P\000e\000s\000o\000s}{section.16}% 55
\BOOKMARK [1][-]{section.17}{\376\377\000R\000e\000s\000o\000l\000u\000c\000i\000\363\000n\000\040\000d\000e\000\040\000L\000i\000m\000i\000t\000a\000c\000i\000o\000n\000e\000s\000\040\000I\000n\000t\000r\000\355\000n\000s\000e\000c\000a\000s\000\040\000d\000e\000\040\000l\000o\000s\000\040\000L\000L\000M\000s\000\040\000T\000r\000a\000d\000i\000c\000i\000o\000n\000a\000l\000e\000s}{}% 56
\BOOKMARK [2][-]{subsection.17.1}{\376\377\000M\000i\000t\000i\000g\000a\000c\000i\000\363\000n\000\040\000d\000e\000\040\000A\000l\000u\000c\000i\000n\000a\000c\000i\000o\000n\000e\000s\000\040\000m\000e\000d\000i\000a\000n\000t\000e\000\040\000A\000n\000c\000l\000a\000j\000e\000\040\000S\000e\000m\000\341\000n\000t\000i\000c\000o}{section.17}% 57
\BOOKMARK [2][-]{subsection.17.2}{\376\377\000R\000a\000z\000o\000n\000a\000m\000i\000e\000n\000t\000o\000\040\000S\000i\000m\000b\000\363\000l\000i\000c\000o\000-\000N\000e\000u\000r\000o\000n\000a\000l\000\040\000\050\000N\000e\000u\000r\000o\000-\000S\000y\000m\000b\000o\000l\000i\000c\000\051}{section.17}% 58
\BOOKMARK [2][-]{subsection.17.3}{\376\377\000E\000f\000i\000c\000i\000e\000n\000c\000i\000a\000\040\000C\000o\000m\000p\000u\000t\000a\000c\000i\000o\000n\000a\000l\000\040\000y\000\040\000A\000c\000t\000u\000a\000l\000i\000z\000a\000c\000i\000\363\000n\000\040\000d\000e\000\040\000C\000o\000n\000o\000c\000i\000m\000i\000e\000n\000t\000o}{section.17}% 59
\BOOKMARK [1][-]{section.18}{\376\377\000A\000r\000q\000u\000i\000t\000e\000c\000t\000u\000r\000a\000\040\000I\000n\000t\000e\000r\000n\000a\000\040\000d\000e\000l\000\040\000N\000o\000d\000o\000:\000\040\000M\000i\000c\000r\000o\000-\000C\000a\000p\000a\000s\000\040\000d\000e\000\040\000P\000r\000o\000c\000e\000s\000a\000m\000i\000e\000n\000t\000o}{}% 60
\BOOKMARK [2][-]{subsection.18.1}{\376\377\000P\000r\000o\000c\000e\000s\000a\000m\000i\000e\000n\000t\000o\000\040\000d\000e\000\040\000C\000o\000n\000t\000e\000x\000t\000o\000\040\000L\000o\000c\000a\000l}{section.18}% 61
\BOOKMARK [2][-]{subsection.18.2}{\376\377\000S\000e\000l\000e\000c\000c\000i\000\363\000n\000\040\000d\000e\000\040\000D\000e\000f\000i\000n\000i\000c\000i\000\363\000n\000\040\000\050\000A\000t\000t\000e\000n\000t\000i\000o\000n\000\040\000M\000e\000c\000h\000a\000n\000i\000s\000m\000\051}{section.18}% 62
\BOOKMARK [2][-]{subsection.18.3}{\376\377\000A\000p\000r\000e\000n\000d\000i\000z\000a\000j\000e\000\040\000d\000e\000\040\000M\000i\000c\000r\000o\000-\000P\000e\000s\000o\000s}{section.18}% 63
\BOOKMARK [1][-]{section.19}{\376\377\000R\000e\000s\000o\000l\000u\000c\000i\000\363\000n\000\040\000d\000e\000\040\000L\000i\000m\000i\000t\000a\000c\000i\000o\000n\000e\000s\000\040\000I\000n\000t\000r\000\355\000n\000s\000e\000c\000a\000s\000\040\000d\000e\000\040\000l\000o\000s\000\040\000L\000L\000M\000s\000\040\000T\000r\000a\000d\000i\000c\000i\000o\000n\000a\000l\000e\000s}{}% 64
\BOOKMARK [2][-]{subsection.19.1}{\376\377\000M\000i\000t\000i\000g\000a\000c\000i\000\363\000n\000\040\000d\000e\000\040\000A\000l\000u\000c\000i\000n\000a\000c\000i\000o\000n\000e\000s\000\040\000m\000e\000d\000i\000a\000n\000t\000e\000\040\000A\000n\000c\000l\000a\000j\000e\000\040\000S\000e\000m\000\341\000n\000t\000i\000c\000o}{section.19}% 65
\BOOKMARK [2][-]{subsection.19.2}{\376\377\000R\000a\000z\000o\000n\000a\000m\000i\000e\000n\000t\000o\000\040\000S\000i\000m\000b\000\363\000l\000i\000c\000o\000-\000N\000e\000u\000r\000o\000n\000a\000l\000\040\000\050\000N\000e\000u\000r\000o\000-\000S\000y\000m\000b\000o\000l\000i\000c\000\051}{section.19}% 66
\BOOKMARK [2][-]{subsection.19.3}{\376\377\000E\000f\000i\000c\000i\000e\000n\000c\000i\000a\000\040\000C\000o\000m\000p\000u\000t\000a\000c\000i\000o\000n\000a\000l\000\040\000y\000\040\000A\000c\000t\000u\000a\000l\000i\000z\000a\000c\000i\000\363\000n\000\040\000d\000e\000\040\000C\000o\000n\000o\000c\000i\000m\000i\000e\000n\000t\000o}{section.19}% 67
\BOOKMARK [1][-]{section.20}{\376\377\000M\000e\000c\000a\000n\000i\000s\000m\000o\000\040\000d\000e\000\040\000C\000o\000m\000u\000n\000i\000c\000a\000c\000i\000\363\000n\000:\000\040\000P\000a\000s\000o\000\040\000d\000e\000\040\000M\000e\000n\000s\000a\000j\000e\000s\000\040\000D\000i\000n\000\341\000m\000i\000c\000o}{}% 68
\BOOKMARK [1][-]{section.21}{\376\377\000O\000p\000e\000r\000a\000t\000i\000v\000a\000\040\000d\000e\000l\000\040\000M\000o\000d\000e\000l\000o\000\040\000C\000o\000n\000c\000e\000p\000t\000M\000a\000t\000r\000i\000x}{}% 69
\BOOKMARK [1][-]{section.22}{\376\377\000A\000p\000r\000e\000n\000d\000i\000z\000a\000j\000e\000\040\000e\000n\000\040\000T\000i\000e\000m\000p\000o\000\040\000R\000e\000a\000l\000:\000\040\000P\000l\000a\000s\000t\000i\000c\000i\000d\000a\000d\000\040\000L\000o\000c\000a\000l\000i\000z\000a\000d\000a}{}% 70
\BOOKMARK [2][-]{subsection.22.1}{\376\377\000A\000c\000t\000u\000a\000l\000i\000z\000a\000c\000i\000\363\000n\000\040\000d\000e\000\040\000P\000e\000s\000o\000s\000\040\000p\000o\000r\000\040\000I\000n\000t\000e\000r\000a\000c\000c\000i\000\363\000n}{section.22}% 71
\BOOKMARK [2][-]{subsection.22.2}{\376\377\000A\000p\000r\000e\000n\000d\000i\000z\000a\000j\000e\000\040\000d\000e\000\040\000P\000o\000c\000o\000s\000\040\000E\000j\000e\000m\000p\000l\000o\000s\000\040\000\050\000F\000e\000w\000-\000S\000h\000o\000t\000\040\000L\000e\000a\000r\000n\000i\000n\000g\000\040\000S\000t\000r\000u\000c\000t\000u\000r\000a\000l\000\051}{section.22}% 72
\BOOKMARK [2][-]{subsection.22.3}{\376\377\000V\000e\000n\000t\000a\000j\000a\000\040\000C\000o\000m\000p\000e\000t\000i\000t\000i\000v\000a\000:\000\040\000M\000e\000m\000o\000r\000i\000a\000\040\000d\000e\000\040\000L\000a\000r\000g\000o\000\040\000P\000l\000a\000z\000o\000\040\000D\000i\000n\000\341\000m\000i\000c\000a}{section.22}% 73
\BOOKMARK [1][-]{section.23}{\376\377\000E\000s\000t\000a\000b\000i\000l\000i\000d\000a\000d\000\040\000y\000\040\000P\000l\000a\000s\000t\000i\000c\000i\000d\000a\000d\000:\000\040\000E\000l\000\040\000F\000i\000n\000\040\000d\000e\000l\000\040\000O\000l\000v\000i\000d\000o\000\040\000C\000a\000t\000a\000s\000t\000r\000\363\000f\000i\000c\000o}{}% 74
\BOOKMARK [2][-]{subsection.23.1}{\376\377\000A\000i\000s\000l\000a\000m\000i\000e\000n\000t\000o\000\040\000F\000u\000n\000c\000i\000o\000n\000a\000l\000\040\000c\000o\000n\000t\000r\000a\000\040\000e\000l\000\040\000O\000l\000v\000i\000d\000o\000\040\000C\000a\000t\000a\000s\000t\000r\000\363\000f\000i\000c\000o}{section.23}% 75
\BOOKMARK [2][-]{subsection.23.2}{\376\377\000A\000p\000r\000e\000n\000d\000i\000z\000a\000j\000e\000\040\000D\000i\000n\000\341\000m\000i\000c\000o\000\040\000`\000`\000O\000n\000-\000t\000h\000e\000-\000f\000l\000y\000'\000'}{section.23}% 76
\BOOKMARK [1][-]{section.24}{\376\377\000A\000n\000\341\000l\000i\000s\000i\000s\000\040\000d\000e\000\040\000E\000f\000i\000c\000i\000e\000n\000c\000i\000a\000\040\000y\000\040\000C\000o\000m\000p\000l\000e\000j\000i\000d\000a\000d\000\040\000C\000o\000m\000p\000u\000t\000a\000c\000i\000o\000n\000a\000l}{}% 77
\BOOKMARK [2][-]{subsection.24.1}{\376\377\000A\000c\000c\000e\000s\000o\000\040\000I\000n\000d\000e\000x\000a\000d\000o\000:\000\040\000C\000o\000m\000p\000l\000e\000j\000i\000d\000a\000d\000\040\000C\000o\000n\000s\000t\000a\000n\000t\000e\000\040\000O\000\050\0001\000\051}{section.24}% 78
\BOOKMARK [2][-]{subsection.24.2}{\376\377\000A\000h\000o\000r\000r\000o\000\040\000d\000e\000\040\000R\000e\000c\000u\000r\000s\000o\000s\000\040\000m\000e\000d\000i\000a\000n\000t\000e\000\040\000A\000c\000t\000i\000v\000a\000c\000i\000\363\000n\000\040\000S\000e\000l\000e\000c\000t\000i\000v\000a\000\040\000\050\000S\000p\000a\000r\000s\000e\000\040\000A\000c\000t\000i\000v\000a\000t\000i\000o\000n\000\051}{section.24}% 79
\BOOKMARK [2][-]{subsection.24.3}{\376\377\000C\000o\000m\000p\000a\000r\000a\000t\000i\000v\000a\000\040\000d\000e\000\040\000E\000f\000i\000c\000i\000e\000n\000c\000i\000a}{section.24}% 80
\BOOKMARK [1][-]{section.25}{\376\377\000M\000e\000t\000o\000d\000o\000l\000o\000g\000\355\000a\000\040\000d\000e\000\040\000E\000n\000t\000r\000e\000n\000a\000m\000i\000e\000n\000t\000o\000:\000\040\000O\000p\000t\000i\000m\000i\000z\000a\000c\000i\000\363\000n\000\040\000M\000u\000l\000t\000i\000n\000i\000v\000e\000l}{}% 81
\BOOKMARK [2][-]{subsection.25.1}{\376\377\000F\000a\000s\000e\000\040\0001\000:\000\040\000E\000s\000t\000r\000u\000c\000t\000u\000r\000a\000c\000i\000\363\000n\000\040\000T\000o\000p\000o\000l\000\363\000g\000i\000c\000a}{section.25}% 82
\BOOKMARK [2][-]{subsection.25.2}{\376\377\000F\000a\000s\000e\000\040\0002\000:\000\040\000A\000p\000r\000e\000n\000d\000i\000z\000a\000j\000e\000\040\000d\000e\000\040\000M\000i\000c\000r\000o\000-\000P\000e\000s\000o\000s\000\040\000\050\000B\000a\000c\000k\000p\000r\000o\000p\000a\000g\000a\000t\000i\000o\000n\000\040\000C\000o\000m\000p\000a\000r\000t\000i\000m\000e\000n\000t\000a\000d\000o\000\051}{section.25}% 83
\BOOKMARK [2][-]{subsection.25.3}{\376\377\000F\000a\000s\000e\000\040\0003\000:\000\040\000R\000e\000f\000u\000e\000r\000z\000o\000\040\000H\000e\000b\000b\000i\000a\000n\000o\000\040\000e\000n\000\040\000T\000i\000e\000m\000p\000o\000\040\000R\000e\000a\000l}{section.25}% 84
\BOOKMARK [1][-]{section.26}{\376\377\000M\000e\000t\000o\000d\000o\000l\000o\000g\000\355\000a\000\040\000d\000e\000\040\000E\000n\000t\000r\000e\000n\000a\000m\000i\000e\000n\000t\000o\000:\000\040\000O\000p\000t\000i\000m\000i\000z\000a\000c\000i\000\363\000n\000\040\000e\000n\000\040\000T\000r\000e\000s\000\040\000N\000i\000v\000e\000l\000e\000s}{}% 85
\BOOKMARK [2][-]{subsection.26.1}{\376\377\000N\000i\000v\000e\000l\000\040\0001\000:\000\040\000E\000n\000t\000r\000e\000n\000a\000m\000i\000e\000n\000t\000o\000\040\000d\000e\000\040\000l\000a\000\040\000`\000`\000B\000r\000\372\000j\000u\000l\000a\000'\000'\000\040\000\050\000P\000o\000s\000i\000c\000i\000o\000n\000a\000m\000i\000e\000n\000t\000o\000\040\000E\000s\000p\000a\000c\000i\000a\000l\000\051}{section.26}% 86
\BOOKMARK [2][-]{subsection.26.2}{\376\377\000N\000i\000v\000e\000l\000\040\0002\000:\000\040\000E\000n\000t\000r\000e\000n\000a\000m\000i\000e\000n\000t\000o\000\040\000d\000e\000l\000\040\000N\000o\000d\000o\000\040\000\050\000B\000a\000c\000k\000p\000r\000o\000p\000a\000g\000a\000t\000i\000o\000n\000\040\000L\000o\000c\000a\000l\000\051}{section.26}% 87
\BOOKMARK [2][-]{subsection.26.3}{\376\377\000N\000i\000v\000e\000l\000\040\0003\000:\000\040\000B\000u\000c\000l\000e\000\040\000d\000e\000\040\000A\000p\000r\000e\000n\000d\000i\000z\000a\000j\000e\000\040\000`\000`\000O\000n\000-\000t\000h\000e\000-\000f\000l\000y\000'\000'\000\040\000\050\000P\000l\000i\000s\000i\000t\000i\000c\000i\000d\000a\000d\000\040\000H\000e\000b\000b\000i\000a\000n\000a\000\051}{section.26}% 88
\BOOKMARK [1][-]{section.27}{\376\377\000A\000r\000q\000u\000i\000t\000e\000c\000t\000u\000r\000a\000\040\000d\000e\000\040\000l\000a\000\040\000M\000e\000m\000o\000r\000i\000a\000\040\000C\000o\000n\000c\000e\000p\000t\000u\000a\000l}{}% 89
\BOOKMARK [2][-]{subsection.27.1}{\376\377\000M\000e\000m\000o\000r\000i\000a\000\040\000E\000s\000t\000r\000u\000c\000t\000u\000r\000a\000l\000\040\000\050\000D\000e\000f\000i\000n\000i\000c\000i\000\363\000n\000\040\000B\000a\000s\000e\000\051}{section.27}% 90
\BOOKMARK [2][-]{subsection.27.2}{\376\377\000M\000e\000m\000o\000r\000i\000a\000\040\000S\000e\000m\000\341\000n\000t\000i\000c\000a\000\040\000\050\000P\000e\000s\000o\000s\000\040\000d\000e\000\040\000l\000a\000s\000\040\0001\000,\0000\0000\0000\000\040\000N\000e\000u\000r\000o\000n\000a\000s\000\051}{section.27}% 91
\BOOKMARK [2][-]{subsection.27.3}{\376\377\000M\000e\000m\000o\000r\000i\000a\000\040\000d\000e\000\040\000C\000o\000n\000t\000e\000x\000t\000o\000\040\000\050\000E\000s\000t\000a\000d\000o\000\040\000d\000e\000\040\000A\000c\000t\000i\000v\000a\000c\000i\000\363\000n\000\051}{section.27}% 92
\BOOKMARK [1][-]{section.28}{\376\377\000P\000e\000r\000s\000i\000s\000t\000e\000n\000c\000i\000a\000\040\000y\000\040\000G\000e\000s\000t\000i\000\363\000n\000\040\000d\000e\000\040\000l\000a\000\040\000P\000l\000a\000s\000t\000i\000c\000i\000d\000a\000d\000\040\000S\000i\000n\000\341\000p\000t\000i\000c\000a}{}% 93
\BOOKMARK [2][-]{subsection.28.1}{\376\377\000N\000o\000r\000m\000a\000l\000i\000z\000a\000c\000i\000\363\000n\000\040\000d\000e\000\040\000P\000e\000s\000o\000s\000\040\000L\000o\000c\000a\000l\000\040\000\050\000H\000o\000m\000e\000o\000s\000t\000a\000s\000i\000s\000\040\000N\000e\000u\000r\000o\000n\000a\000l\000\051}{section.28}% 94
\BOOKMARK [2][-]{subsection.28.2}{\376\377\000T\000a\000s\000a\000\040\000d\000e\000\040\000A\000p\000r\000e\000n\000d\000i\000z\000a\000j\000e\000\040\000D\000i\000n\000\341\000m\000i\000c\000a\000\040\000p\000o\000r\000\040\000N\000o\000d\000o}{section.28}% 95
\BOOKMARK [2][-]{subsection.28.3}{\376\377\000R\000e\000-\000c\000o\000n\000s\000o\000l\000i\000d\000a\000c\000i\000\363\000n\000\040\000H\000e\000b\000b\000i\000a\000n\000a\000\040\000d\000e\000\040\000L\000a\000r\000g\000o\000\040\000P\000l\000a\000z\000o}{section.28}% 96
\BOOKMARK [1][-]{section.29}{\376\377\000I\000n\000f\000r\000a\000e\000s\000t\000r\000u\000c\000t\000u\000r\000a\000\040\000O\000p\000e\000r\000a\000t\000i\000v\000a\000:\000\040\000N\000a\000v\000e\000g\000a\000c\000i\000\363\000n\000,\000\040\000P\000o\000d\000a\000\040\000y\000\040\000S\000e\000n\000s\000o\000r\000e\000s}{}% 97
\BOOKMARK [2][-]{subsection.29.1}{\376\377\000M\000e\000c\000a\000n\000i\000s\000m\000o\000\040\000d\000e\000\040\000O\000l\000v\000i\000d\000o\000\040\000S\000e\000l\000e\000c\000t\000i\000v\000o\000\040\000\050\000P\000o\000d\000a\000\040\000S\000i\000n\000\341\000p\000t\000i\000c\000a\000\051}{section.29}% 98
\BOOKMARK [2][-]{subsection.29.2}{\376\377\000E\000l\000\040\000K\000e\000r\000n\000e\000l\000\040\000d\000e\000\040\000N\000a\000v\000e\000g\000a\000c\000i\000\363\000n\000\040\000\050\000M\000o\000t\000o\000r\000\040\000d\000e\000\040\000I\000n\000f\000e\000r\000e\000n\000c\000i\000a\000\051}{section.29}% 99
\BOOKMARK [2][-]{subsection.29.3}{\376\377\000I\000n\000t\000e\000r\000f\000a\000z\000\040\000d\000e\000\040\000E\000n\000t\000r\000a\000d\000a\000/\000S\000a\000l\000i\000d\000a\000:\000\040\000S\000e\000n\000s\000o\000r\000e\000s\000\040\000S\000e\000m\000\341\000n\000t\000i\000c\000o\000s}{section.29}% 100
\BOOKMARK [1][-]{section.30}{\376\377\000C\000o\000n\000c\000l\000u\000s\000i\000\363\000n\000:\000\040\000H\000a\000c\000i\000a\000\040\000u\000n\000a\000\040\000I\000n\000t\000e\000l\000i\000g\000e\000n\000c\000i\000a\000\040\000P\000o\000s\000t\000-\000T\000r\000a\000n\000s\000f\000o\000r\000m\000e\000r}{}% 101
\BOOKMARK [2][-]{subsection.30.1}{\376\377\000S\000u\000p\000e\000r\000a\000c\000i\000\363\000n\000\040\000d\000e\000\040\000l\000a\000s\000\040\000L\000i\000m\000i\000t\000a\000c\000i\000o\000n\000e\000s\000\040\000A\000c\000t\000u\000a\000l\000e\000s}{section.30}% 102
\BOOKMARK [1][-]{section.31}{\376\377\000E\000s\000t\000r\000u\000c\000t\000u\000r\000a\000\040\000d\000e\000\040\000P\000e\000r\000s\000i\000s\000t\000e\000n\000c\000i\000a\000\040\000d\000e\000\040\000l\000o\000s\000\040\000N\000o\000d\000o\000s\000\040\000C\000o\000n\000c\000e\000p\000t\000u\000a\000l\000e\000s}{}% 103
\BOOKMARK [2][-]{subsection.31.1}{\376\377\0001\000.\000\040\000P\000e\000s\000o\000s\000\040\000S\000i\000n\000\341\000p\000t\000i\000c\000o\000s\000\040\000L\000o\000c\000a\000l\000e\000s\000\040\000\050\000\051}{section.31}% 104
\BOOKMARK [2][-]{subsection.31.2}{\376\377\0002\000.\000\040\000D\000i\000c\000c\000i\000o\000n\000a\000r\000i\000o\000\040\000d\000e\000\040\000P\000u\000n\000t\000e\000r\000o\000s\000\040\000\050\000M\000a\000t\000r\000i\000z\000\040\000d\000e\000\040\000A\000d\000y\000a\000c\000e\000n\000c\000i\000a\000\051}{section.31}% 105
\BOOKMARK [2][-]{subsection.31.3}{\376\377\0003\000.\000\040\000M\000e\000t\000a\000d\000a\000t\000o\000s\000\040\000d\000e\000\040\000M\000a\000d\000u\000r\000e\000z\000\040\000y\000\040\000A\000c\000t\000i\000v\000a\000c\000i\000\363\000n}{section.31}% 106
\BOOKMARK [2][-]{subsection.31.4}{\376\377\0004\000.\000\040\000V\000e\000c\000t\000o\000r\000\040\000d\000e\000\040\000I\000d\000e\000n\000t\000i\000d\000a\000d\000\040\000\050\000S\000e\000e\000d\000\040\000V\000e\000c\000t\000o\000r\000\051}{section.31}% 107
\BOOKMARK [1][-]{section.32}{\376\377\000D\000i\000n\000\341\000m\000i\000c\000a\000\040\000y\000\040\000C\000i\000c\000l\000o\000\040\000d\000e\000\040\000V\000i\000d\000a\000\040\000d\000e\000\040\000l\000o\000s\000\040\000P\000u\000n\000t\000e\000r\000o\000s\000\040\000A\000s\000o\000c\000i\000a\000t\000i\000v\000o\000s}{}% 108
\BOOKMARK [2][-]{subsection.32.1}{\376\377\0001\000.\000\040\000E\000l\000\040\000C\000i\000c\000l\000o\000\040\000d\000e\000\040\000V\000i\000d\000a\000\040\000d\000e\000l\000\040\000P\000u\000n\000t\000e\000r\000o\000\040\000A\000s\000o\000c\000i\000a\000t\000i\000v\000o}{section.32}% 109
\BOOKMARK [2][-]{subsection.32.2}{\376\377\0002\000.\000\040\000P\000l\000a\000s\000t\000i\000c\000i\000d\000a\000d\000\040\000S\000e\000m\000\341\000n\000t\000i\000c\000a\000\040\000y\000\040\000R\000e\000l\000e\000v\000a\000n\000c\000i\000a\000\040\000C\000u\000l\000t\000u\000r\000a\000l}{section.32}% 110
\BOOKMARK [2][-]{subsection.32.3}{\376\377\000V\000i\000s\000i\000\363\000n\000\040\000d\000e\000\040\000F\000u\000t\000u\000r\000o}{section.32}% 111
\BOOKMARK [1][-]{section.33}{\376\377\000L\000i\000c\000e\000n\000c\000i\000a\000\040\000y\000\040\000D\000i\000s\000t\000r\000i\000b\000u\000c\000i\000\363\000n}{}% 112
\BOOKMARK [2][-]{subsection.33.1}{\376\377\000D\000e\000c\000l\000a\000r\000a\000c\000i\000\363\000n\000\040\000d\000e\000\040\000L\000i\000b\000e\000r\000t\000a\000d\000\040\000d\000e\000\040\000S\000o\000f\000t\000w\000a\000r\000e}{section.33}% 113
